<?xml version="1.0" encoding="UTF-8"?>
<!-- Generated by org.testng.reporters.JUnitReportReporter -->
<testsuite skipped="0" hostname="DESKTOP-LO06SNH" name="LinkDEMO.LinkDemoforOpenCart" tests="1" failures="0" timestamp="11 Apr 2022 18:12:04 GMT" time="19.507" errors="0">
  <testcase name="LinkDemo" time="19.507" classname="LinkDEMO.LinkDemoforOpenCart"/>
</testsuite> <!-- LinkDEMO.LinkDemoforOpenCart -->
